{"uid":"4b4757e66a1912dae1a509f688f20b0f","children":[{"name":"Product defects","children":[{"name":"Element not found {By.xpath: //*[@id='inlineSectionActions-2950']/a[1]}\nExpected: clickable: interactable and enabled\nScreenshot: file:/home/runner/work/TestRail/TestRail/build/reports/tests/1752494351773.0.png\nPage source: file:/home/runner/work/TestRail/TestRail/build/reports/tests/1752494351773.0.html\nTimeout: 25 s.\nCaused by: NoSuchElementException: no such element: Unable to locate element: {\"method\":\"xpath\",\"selector\":\"//*[@id='inlineSectionActions-2950']/a[1]\"}","children":[{"name":"создание и редактирование тест-кейса","uid":"7cf4e34ff83eab4a","parentUid":"66d4cae995f2a6a055265b280cd69038","status":"failed","time":{"start":1752494315811,"stop":1752494352095,"duration":36284},"flaky":false,"newFailed":false,"newPassed":false,"newBroken":false,"retriesCount":0,"retriesStatusChange":false,"parameters":[],"tags":[]}],"uid":"66d4cae995f2a6a055265b280cd69038"},{"name":"Element not found {By.xpath: //a[contains(text(),'Add Test Run')]}\nExpected: clickable: interactable and enabled\nScreenshot: file:/home/runner/work/TestRail/TestRail/build/reports/tests/1752494379520.1.png\nPage source: file:/home/runner/work/TestRail/TestRail/build/reports/tests/1752494379520.1.html\nTimeout: 25 s.\nCaused by: NoSuchElementException: no such element: Unable to locate element: {\"method\":\"xpath\",\"selector\":\"//a[contains(text(),'Add Test Run')]\"}","children":[{"name":"addTestRun","uid":"fae489fc7452e6eb","parentUid":"68571067c72327b19d60c33c5d9e1196","status":"failed","time":{"start":1752494352243,"stop":1752494379731,"duration":27488},"flaky":false,"newFailed":false,"newPassed":false,"newBroken":false,"retriesCount":0,"retriesStatusChange":false,"parameters":[],"tags":[]}],"uid":"68571067c72327b19d60c33c5d9e1196"},{"name":"Element not found {#navigation-empty-addexampleproject}\nExpected: clickable: interactable and enabled\nScreenshot: file:/home/runner/work/TestRail/TestRail/build/reports/tests/1752494407013.2.png\nPage source: file:/home/runner/work/TestRail/TestRail/build/reports/tests/1752494407013.2.html\nTimeout: 25 s.\nCaused by: NoSuchElementException: no such element: Unable to locate element: {\"method\":\"css selector\",\"selector\":\"#navigation\\-empty\\-addexampleproject\"}","children":[{"name":"addExampleProjectTest","uid":"c2cf460220879ebd","parentUid":"84cb3a9ba5e733f038539056e422822c","status":"failed","time":{"start":1752494379817,"stop":1752494407229,"duration":27412},"flaky":false,"newFailed":false,"newPassed":false,"newBroken":false,"retriesCount":0,"retriesStatusChange":false,"parameters":[],"tags":[]}],"uid":"84cb3a9ba5e733f038539056e422822c"},{"name":"Element not found {#navigation-empty-addproject}\nExpected: visible\nScreenshot: file:/home/runner/work/TestRail/TestRail/build/reports/tests/1752494434163.3.png\nPage source: file:/home/runner/work/TestRail/TestRail/build/reports/tests/1752494434163.3.html\nTimeout: 25 s.\nCaused by: NoSuchElementException: no such element: Unable to locate element: {\"method\":\"css selector\",\"selector\":\"#navigation\\-empty\\-addproject\"}","children":[{"name":"addProject","uid":"d88805034a04d61","parentUid":"5f50a0d197217467b8d53d2ee2cfe36d","status":"failed","time":{"start":1752494407315,"stop":1752494434381,"duration":27066},"flaky":false,"newFailed":false,"newPassed":false,"newBroken":false,"retriesCount":0,"retriesStatusChange":false,"parameters":[],"tags":[]}],"uid":"5f50a0d197217467b8d53d2ee2cfe36d"}],"uid":"8fb3a91ba5aaf9de24cc8a92edc82b5d"}],"name":"categories"}